                                      1 ;--------------------------------------------------------
                                      2 ; File Created by SDCC : free open source ANSI-C Compiler
                                      3 ; Version 3.6.0 #9615 (MINGW64)
                                      4 ;--------------------------------------------------------
                                      5 	.module main
                                      6 	.optsdcc -mstm8
                                      7 	
                                      8 ;--------------------------------------------------------
                                      9 ; Public variables in this module
                                     10 ;--------------------------------------------------------
                                     11 	.globl _main
                                     12 	.globl _CLK_Config
                                     13 ;--------------------------------------------------------
                                     14 ; ram data
                                     15 ;--------------------------------------------------------
                                     16 	.area DATA
                                     17 ;--------------------------------------------------------
                                     18 ; ram data
                                     19 ;--------------------------------------------------------
                                     20 	.area INITIALIZED
                                     21 ;--------------------------------------------------------
                                     22 ; Stack segment in internal ram 
                                     23 ;--------------------------------------------------------
                                     24 	.area	SSEG
      000000                         25 __start__stack:
      000000                         26 	.ds	1
                                     27 
                                     28 ;--------------------------------------------------------
                                     29 ; absolute external ram data
                                     30 ;--------------------------------------------------------
                                     31 	.area DABS (ABS)
                                     32 ;--------------------------------------------------------
                                     33 ; interrupt vector 
                                     34 ;--------------------------------------------------------
                                     35 	.area HOME
      000000                         36 __interrupt_vect:
      000000 82v00u00u00             37 	int s_GSINIT ;reset
      000004 82 00 00 00             38 	int 0x0000 ;trap
      000008 82 00 00 00             39 	int 0x0000 ;int0
      00000C 82 00 00 00             40 	int 0x0000 ;int1
      000010 82 00 00 00             41 	int 0x0000 ;int2
      000014 82 00 00 00             42 	int 0x0000 ;int3
      000018 82 00 00 00             43 	int 0x0000 ;int4
      00001C 82 00 00 00             44 	int 0x0000 ;int5
      000020 82 00 00 00             45 	int 0x0000 ;int6
      000024 82 00 00 00             46 	int 0x0000 ;int7
      000028 82 00 00 00             47 	int 0x0000 ;int8
      00002C 82 00 00 00             48 	int 0x0000 ;int9
      000030 82 00 00 00             49 	int 0x0000 ;int10
      000034 82 00 00 00             50 	int 0x0000 ;int11
      000038 82 00 00 00             51 	int 0x0000 ;int12
      00003C 82 00 00 00             52 	int 0x0000 ;int13
      000040 82 00 00 00             53 	int 0x0000 ;int14
      000044 82 00 00 00             54 	int 0x0000 ;int15
      000048 82 00 00 00             55 	int 0x0000 ;int16
      00004C 82 00 00 00             56 	int 0x0000 ;int17
      000050 82 00 00 00             57 	int 0x0000 ;int18
      000054 82 00 00 00             58 	int 0x0000 ;int19
      000058 82 00 00 00             59 	int 0x0000 ;int20
      00005C 82 00 00 00             60 	int 0x0000 ;int21
      000060 82 00 00 00             61 	int 0x0000 ;int22
      000064 82 00 00 00             62 	int 0x0000 ;int23
      000068 82 00 00 00             63 	int 0x0000 ;int24
      00006C 82 00 00 00             64 	int 0x0000 ;int25
      000070 82 00 00 00             65 	int 0x0000 ;int26
      000074 82 00 00 00             66 	int 0x0000 ;int27
      000078 82 00 00 00             67 	int 0x0000 ;int28
      00007C 82 00 00 00             68 	int 0x0000 ;int29
                                     69 ;--------------------------------------------------------
                                     70 ; global & static initialisations
                                     71 ;--------------------------------------------------------
                                     72 	.area HOME
                                     73 	.area GSINIT
                                     74 	.area GSFINAL
                                     75 	.area GSINIT
      000000                         76 __sdcc_gs_init_startup:
      000000                         77 __sdcc_init_data:
                                     78 ; stm8_genXINIT() start
      000000 AEr00r00         [ 2]   79 	ldw x, #l_DATA
      000003 27 07            [ 1]   80 	jreq	00002$
      000005                         81 00001$:
      000005 72 4FuFFuFF      [ 1]   82 	clr (s_DATA - 1, x)
      000009 5A               [ 2]   83 	decw x
      00000A 26 F9            [ 1]   84 	jrne	00001$
      00000C                         85 00002$:
      00000C AEr00r00         [ 2]   86 	ldw	x, #l_INITIALIZER
      00000F 27 09            [ 1]   87 	jreq	00004$
      000011                         88 00003$:
      000011 D6uFFuFF         [ 1]   89 	ld	a, (s_INITIALIZER - 1, x)
      000014 D7uFFuFF         [ 1]   90 	ld	(s_INITIALIZED - 1, x), a
      000017 5A               [ 2]   91 	decw	x
      000018 26 F7            [ 1]   92 	jrne	00003$
      00001A                         93 00004$:
                                     94 ; stm8_genXINIT() end
                                     95 	.area GSFINAL
      000000 CCr00r80         [ 2]   96 	jp	__sdcc_program_startup
                                     97 ;--------------------------------------------------------
                                     98 ; Home
                                     99 ;--------------------------------------------------------
                                    100 	.area HOME
                                    101 	.area HOME
      000080                        102 __sdcc_program_startup:
      000080 CCr00r00         [ 2]  103 	jp	_main
                                    104 ;	return from main will return to caller
                                    105 ;--------------------------------------------------------
                                    106 ; code
                                    107 ;--------------------------------------------------------
                                    108 	.area CODE
                                    109 ;	user/main.c: 18: void main(void)
                                    110 ;	-----------------------------------------
                                    111 ;	 function main
                                    112 ;	-----------------------------------------
      000000                        113 _main:
                                    114 ;	user/main.c: 20: CLK_Config();
      000000 CDr00r00         [ 4]  115 	call	_CLK_Config
                                    116 ;	user/main.c: 21: while(1)
      000003                        117 00102$:
      000003 20 FE            [ 2]  118 	jra	00102$
      000005 81               [ 4]  119 	ret
                                    120 	.area CODE
                                    121 	.area INITIALIZER
                                    122 	.area CABS (ABS)
